[debug] ----------------------------------------------------------------------
[debug] Command:      C:\Program Files\nodejs\node.exe C:\Users\James\AppData\Roaming\npm\node_modules\firebase-tools\bin\firebase deploy --project live
[debug] CLI Version:  3.0.5
[debug] Platform:     win32
[debug] Node Version: v8.9.3
[debug] Time:         Mon Mar 19 2018 02:05:51 GMT+0000 (GMT Standard Time)
[debug] ----------------------------------------------------------------------
[debug] 
[debug] > command requires scopes: ["email","openid","https://www.googleapis.com/auth/cloudplatformprojects.readonly","https://www.googleapis.com/auth/firebase"]
[debug] > refreshing access token with scopes: ["email","https://www.googleapis.com/auth/cloudplatformprojects.readonly","https://www.googleapis.com/auth/firebase","openid"]
[debug] >>> HTTP REQUEST POST https://www.googleapis.com/oauth2/v3/token
[debug] <<< HTTP RESPONSE 200
[debug] >>> HTTP REQUEST GET https://admin.firebase.com/v1/projects/project--1058925460034076790 
[debug] <<< HTTP RESPONSE 200
[debug] >>> HTTP REQUEST GET https://admin.firebase.com/v1/database/project--1058925460034076790/tokens 
[debug] <<< HTTP RESPONSE 200
[info] 
[info] === Deploying to 'project--1058925460034076790'...
[info] 
[info] i  deploying database, hosting
[info] +  database: rules ready to deploy.
[info] i  hosting: preparing dist directory for upload...
[debug] >>> HTTP REQUEST PUT https://deploy.firebase.com/v1/hosting/project--1058925460034076790/uploads/-L7w-Mum9TzS35XvajFb?fileCount=143&message= 
